<?xml version="1.0" encoding="UTF-8"?>
<!-- Generated by org.testng.reporters.JUnitXMLReporter -->
<testsuite ignored="10" hostname="IL-IT-PRAVEENT" failures="2" tests="13" name="Regression1" time="270.553" errors="0" timestamp="2023-02-14T09:15:11 IST">
  <testcase classname="com.unified.infinity.uitest.admin.UnifiedTests" name="UnifiedOtp" time="12.351"/>
  <testcase classname="com.unified.infinity.uitest.admin.UnifiedTests" name="UnifiedOtp2" time="6.26"/>
  <testcase classname="com.unified.infinity.uitest.admin.UnifiedTests" name="UnifiedOtp3" time="6.246"/>
  <testcase classname="com.unified.infinity.uitest.admin.UnifiedTests" name="UnifiedForgotPass" time="19.312"/>
  <testcase classname="com.unified.infinity.uitest.admin.UnifiedTests" name="UnifiedForgotPass2" time="7.577"/>
  <testcase classname="com.unified.infinity.uitest.admin.UnifiedTests" name="UnifiedForgotPass3" time="6.382"/>
  <testcase classname="com.unified.infinity.uitest.admin.UnifiedTests" name="SignWithPassword" time="16.806"/>
  <testcase classname="com.unified.infinity.uitest.admin.UnifiedTests" name="SignInwithPassword2" time="4.364"/>
  <testcase classname="com.unified.infinity.uitest.admin.UnifiedTests" name="SignInwithPassword3" time="5.536"/>
  <testcase classname="com.unified.infinity.uitest.admin.UnifiedTests" name="MCTTests" time="45.981">
    <failure type="java.lang.Exception" message="Test can&amp;apos;t continue, fail here!">
      <![CDATA[java.lang.Exception: Test can't continue, fail here!
at com.unified.infinity.utils.WebInteractUtil.TearDown(WebInteractUtil.java:171)
at com.unified.infinity.utils.WebInteractUtil.isPresent(WebInteractUtil.java:106)
at com.unified.infinity.libraries.UnifiedLibrary.MCTTests(UnifiedLibrary.java:1182)
at com.unified.infinity.uitest.admin.UnifiedTests.MCTTests(UnifiedTests.java:263)
at java.base/java.util.ArrayList.forEach(ArrayList.java:1511)
... Removed 27 stack frames]]>
    </failure>
  </testcase> <!-- MCTTests -->
  <testcase classname="com.unified.infinity.uitest.admin.UnifiedTests" name="FreeMasterClass" time="10.557">
    <failure type="org.openqa.selenium.NoSuchElementException" message="no such element: Unable to locate element: {&amp;quot;method&amp;quot;:&amp;quot;xpath&amp;quot;,&amp;quot;selector&amp;quot;:&amp;quot;//descendant::h3[@class=&amp;quot;UNFAPP-lvmtrcls-title&amp;quot;][1]&amp;quot;}
  (Session info: chrome=110.0.5481.78)
For documentation on this error, please visit: https://www.seleniumhq.org/exceptions/no_such_element.html
Build info: version: &amp;apos;3.141.59&amp;apos;, revision: &amp;apos;e82be7d358&amp;apos;, time: &amp;apos;2018-11-14T08:17:03&amp;apos;
System info: host: &amp;apos;IL-IT-PRAVEENT&amp;apos;, ip: &amp;apos;192.168.77.111&amp;apos;, os.name: &amp;apos;Windows 10&amp;apos;, os.arch: &amp;apos;amd64&amp;apos;, os.version: &amp;apos;10.0&amp;apos;, java.version: &amp;apos;17.0.5&amp;apos;
Driver info: org.openqa.selenium.chrome.ChromeDriver
Capabilities {acceptInsecureCerts: false, browserName: chrome, browserVersion: 110.0.5481.78, chrome: {chromedriverVersion: 109.0.5414.74 (e7c5703604da..., userDataDir: C:\Users\Admin\AppData\Loca...}, goog:chromeOptions: {debuggerAddress: localhost:57344}, javascriptEnabled: true, networkConnectionEnabled: false, pageLoadStrategy: none, platform: WINDOWS, platformName: WINDOWS, proxy: Proxy(), setWindowRect: true, strictFileInteractability: false, timeouts: {implicit: 0, pageLoad: 300000, script: 30000}, unhandledPromptBehavior: dismiss and notify, webauthn:extension:credBlob: true, webauthn:extension:largeBlob: true, webauthn:virtualAuthenticators: true}
Session ID: a91ad1dc357f1718b6e94dcaf2da7d34
*** Element info: {Using=xpath, value=//descendant::h3[@class=&amp;quot;UNFAPP-lvmtrcls-title&amp;quot;][1]}">
      <![CDATA[org.openqa.selenium.NoSuchElementException: no such element: Unable to locate element: {"method":"xpath","selector":"//descendant::h3[@class="UNFAPP-lvmtrcls-title"][1]"}
  (Session info: chrome=110.0.5481.78)
For documentation on this error, please visit: https://www.seleniumhq.org/exceptions/no_such_element.html
Build info: version: '3.141.59', revision: 'e82be7d358', time: '2018-11-14T08:17:03'
System info: host: 'IL-IT-PRAVEENT', ip: '192.168.77.111', os.name: 'Windows 10', os.arch: 'amd64', os.version: '10.0', java.version: '17.0.5'
Driver info: org.openqa.selenium.chrome.ChromeDriver
Capabilities {acceptInsecureCerts: false, browserName: chrome, browserVersion: 110.0.5481.78, chrome: {chromedriverVersion: 109.0.5414.74 (e7c5703604da..., userDataDir: C:\Users\Admin\AppData\Loca...}, goog:chromeOptions: {debuggerAddress: localhost:57344}, javascriptEnabled: true, networkConnectionEnabled: false, pageLoadStrategy: none, platform: WINDOWS, platformName: WINDOWS, proxy: Proxy(), setWindowRect: true, strictFileInteractability: false, timeouts: {implicit: 0, pageLoad: 300000, script: 30000}, unhandledPromptBehavior: dismiss and notify, webauthn:extension:credBlob: true, webauthn:extension:largeBlob: true, webauthn:virtualAuthenticators: true}
Session ID: a91ad1dc357f1718b6e94dcaf2da7d34
*** Element info: {Using=xpath, value=//descendant::h3[@class="UNFAPP-lvmtrcls-title"][1]}
at org.openqa.selenium.remote.http.W3CHttpResponseCodec.createException(W3CHttpResponseCodec.java:187)
at org.openqa.selenium.remote.http.W3CHttpResponseCodec.decode(W3CHttpResponseCodec.java:122)
at org.openqa.selenium.remote.http.W3CHttpResponseCodec.decode(W3CHttpResponseCodec.java:49)
at org.openqa.selenium.remote.HttpCommandExecutor.execute(HttpCommandExecutor.java:158)
at org.openqa.selenium.remote.service.DriverCommandExecutor.execute(DriverCommandExecutor.java:83)
at org.openqa.selenium.remote.RemoteWebDriver.execute(RemoteWebDriver.java:552)
at org.openqa.selenium.remote.RemoteWebDriver.findElement(RemoteWebDriver.java:323)
at org.openqa.selenium.remote.RemoteWebDriver.findElementByXPath(RemoteWebDriver.java:428)
at org.openqa.selenium.By$ByXPath.findElement(By.java:353)
at org.openqa.selenium.remote.RemoteWebDriver.findElement(RemoteWebDriver.java:315)
at org.openqa.selenium.support.pagefactory.DefaultElementLocator.findElement(DefaultElementLocator.java:69)
at org.openqa.selenium.support.pagefactory.internal.LocatingElementHandler.invoke(LocatingElementHandler.java:38)
at jdk.proxy2/jdk.proxy2.$Proxy13.getText(Unknown Source)
at com.unified.infinity.utils.WebInteractUtil.getWebElementText(WebInteractUtil.java:139)
at com.unified.infinity.libraries.UnifiedLibrary.FreeMasterClass(UnifiedLibrary.java:1477)
at com.unified.infinity.uitest.admin.UnifiedTests.FreeMasterClass(UnifiedTests.java:327)
at java.base/java.util.ArrayList.forEach(ArrayList.java:1511)
... Removed 31 stack frames]]>
    </failure>
  </testcase> <!-- FreeMasterClass -->
  <testcase classname="com.unified.infinity.uitest.admin.UnifiedTests" name="CYOT" time="55.097"/>
  <testcase classname="com.unified.infinity.uitest.admin.UnifiedTests" name="Learn" time="36.669"/>
  <testcase classname="com.unified.infinity.uitest.admin.UnifiedTests" name="PYPTests" time="0.0">
    <ignored/>
  </testcase> <!-- PYPTests -->
  <testcase classname="com.unified.infinity.uitest.admin.UnifiedTests" name="ILTSTest" time="0.0">
    <ignored/>
  </testcase> <!-- ILTSTest -->
  <testcase classname="com.unified.infinity.uitest.admin.UnifiedTests" name="RAPDailyTest" time="0.0">
    <ignored/>
  </testcase> <!-- RAPDailyTest -->
  <testcase classname="com.unified.infinity.uitest.admin.UnifiedTests" name="RAPTestSeries" time="0.0">
    <ignored/>
  </testcase> <!-- RAPTestSeries -->
  <testcase classname="com.unified.infinity.uitest.admin.UnifiedTests" name="MCTTestWithIntegerQstn" time="0.0">
    <ignored/>
  </testcase> <!-- MCTTestWithIntegerQstn -->
  <testcase classname="com.unified.infinity.uitest.admin.UnifiedTests" name="HomePage" time="0.0">
    <ignored/>
  </testcase> <!-- HomePage -->
  <testcase classname="com.unified.infinity.uitest.admin.UnifiedTests" name="SignUP3" time="0.0">
    <ignored/>
  </testcase> <!-- SignUP3 -->
  <testcase classname="com.unified.infinity.uitest.admin.UnifiedTests" name="SignUP2" time="0.0">
    <ignored/>
  </testcase> <!-- SignUP2 -->
  <testcase classname="com.unified.infinity.uitest.admin.UnifiedTests" name="SignUP4" time="0.0">
    <ignored/>
  </testcase> <!-- SignUP4 -->
  <testcase classname="com.unified.infinity.uitest.admin.UnifiedTests" name="SignUP" time="0.0">
    <ignored/>
  </testcase> <!-- SignUP -->
</testsuite> <!-- Regression1 -->
