<?xml version="1.0" encoding="UTF-8"?>
<!-- Generated by org.testng.reporters.JUnitXMLReporter -->
<testsuite ignored="0" hostname="IL-IT-PRAVEENT" failures="3" tests="3" name="Regression2" time="283.24" errors="0" timestamp="2023-02-14T09:19:54 IST">
  <testcase classname="com.unified.infinity.uitest.admin.Subscriptions" name="ScoreTests" time="150.753">
    <failure type="java.lang.Exception" message="Test can&amp;apos;t continue, fail here!">
      <![CDATA[java.lang.Exception: Test can't continue, fail here!
at com.unified.infinity.utils.WebInteractUtil.TearDown(WebInteractUtil.java:171)
at com.unified.infinity.utils.WebInteractUtil.isPresent(WebInteractUtil.java:106)
at com.unified.infinity.libraries.UnifiedLibrary.ScoreTest(UnifiedLibrary.java:1331)
at com.unified.infinity.uitest.admin.Subscriptions.ScoreTests(Subscriptions.java:55)
at java.base/java.util.ArrayList.forEach(ArrayList.java:1511)
... Removed 27 stack frames]]>
    </failure>
  </testcase> <!-- ScoreTests -->
  <testcase classname="com.unified.infinity.uitest.admin.Subscriptions" name="Subscriptions" time="113.689">
    <failure type="java.lang.Exception" message="Test can&amp;apos;t continue, fail here!">
      <![CDATA[java.lang.Exception: Test can't continue, fail here!
at com.unified.infinity.utils.WebInteractUtil.TearDown(WebInteractUtil.java:171)
at com.unified.infinity.utils.WebInteractUtil.isPresent(WebInteractUtil.java:106)
at com.unified.infinity.libraries.UnifiedLibrary.Subscriptions(UnifiedLibrary.java:1504)
at com.unified.infinity.uitest.admin.Subscriptions.Subscriptions(Subscriptions.java:84)
at java.base/java.util.ArrayList.forEach(ArrayList.java:1511)
... Removed 27 stack frames]]>
    </failure>
  </testcase> <!-- Subscriptions -->
  <testcase classname="com.unified.infinity.uitest.admin.Subscriptions" name="DeleteSubscripton" time="9.934">
    <failure type="org.openqa.selenium.NoSuchElementException" message="no such element: Unable to locate element: {&amp;quot;method&amp;quot;:&amp;quot;xpath&amp;quot;,&amp;quot;selector&amp;quot;:&amp;quot;//button[@class=&amp;apos;SUBCRP-mysubscrptn-icn-btn active&amp;apos;]//span&amp;quot;}
  (Session info: chrome=110.0.5481.78)
For documentation on this error, please visit: https://www.seleniumhq.org/exceptions/no_such_element.html
Build info: version: &amp;apos;3.141.59&amp;apos;, revision: &amp;apos;e82be7d358&amp;apos;, time: &amp;apos;2018-11-14T08:17:03&amp;apos;
System info: host: &amp;apos;IL-IT-PRAVEENT&amp;apos;, ip: &amp;apos;192.168.77.111&amp;apos;, os.name: &amp;apos;Windows 10&amp;apos;, os.arch: &amp;apos;amd64&amp;apos;, os.version: &amp;apos;10.0&amp;apos;, java.version: &amp;apos;17.0.5&amp;apos;
Driver info: org.openqa.selenium.chrome.ChromeDriver
Capabilities {acceptInsecureCerts: false, browserName: chrome, browserVersion: 110.0.5481.78, chrome: {chromedriverVersion: 109.0.5414.74 (e7c5703604da..., userDataDir: C:\Users\Admin\AppData\Loca...}, goog:chromeOptions: {debuggerAddress: localhost:58196}, javascriptEnabled: true, networkConnectionEnabled: false, pageLoadStrategy: none, platform: WINDOWS, platformName: WINDOWS, proxy: Proxy(), setWindowRect: true, strictFileInteractability: false, timeouts: {implicit: 0, pageLoad: 300000, script: 30000}, unhandledPromptBehavior: dismiss and notify, webauthn:extension:credBlob: true, webauthn:extension:largeBlob: true, webauthn:virtualAuthenticators: true}
Session ID: 385799d894733f12cc1ee238d891f248
*** Element info: {Using=xpath, value=//button[@class=&amp;apos;SUBCRP-mysubscrptn-icn-btn active&amp;apos;]//span}">
      <![CDATA[org.openqa.selenium.NoSuchElementException: no such element: Unable to locate element: {"method":"xpath","selector":"//button[@class='SUBCRP-mysubscrptn-icn-btn active']//span"}
  (Session info: chrome=110.0.5481.78)
For documentation on this error, please visit: https://www.seleniumhq.org/exceptions/no_such_element.html
Build info: version: '3.141.59', revision: 'e82be7d358', time: '2018-11-14T08:17:03'
System info: host: 'IL-IT-PRAVEENT', ip: '192.168.77.111', os.name: 'Windows 10', os.arch: 'amd64', os.version: '10.0', java.version: '17.0.5'
Driver info: org.openqa.selenium.chrome.ChromeDriver
Capabilities {acceptInsecureCerts: false, browserName: chrome, browserVersion: 110.0.5481.78, chrome: {chromedriverVersion: 109.0.5414.74 (e7c5703604da..., userDataDir: C:\Users\Admin\AppData\Loca...}, goog:chromeOptions: {debuggerAddress: localhost:58196}, javascriptEnabled: true, networkConnectionEnabled: false, pageLoadStrategy: none, platform: WINDOWS, platformName: WINDOWS, proxy: Proxy(), setWindowRect: true, strictFileInteractability: false, timeouts: {implicit: 0, pageLoad: 300000, script: 30000}, unhandledPromptBehavior: dismiss and notify, webauthn:extension:credBlob: true, webauthn:extension:largeBlob: true, webauthn:virtualAuthenticators: true}
Session ID: 385799d894733f12cc1ee238d891f248
*** Element info: {Using=xpath, value=//button[@class='SUBCRP-mysubscrptn-icn-btn active']//span}
at org.openqa.selenium.remote.http.W3CHttpResponseCodec.createException(W3CHttpResponseCodec.java:187)
at org.openqa.selenium.remote.http.W3CHttpResponseCodec.decode(W3CHttpResponseCodec.java:122)
at org.openqa.selenium.remote.http.W3CHttpResponseCodec.decode(W3CHttpResponseCodec.java:49)
at org.openqa.selenium.remote.HttpCommandExecutor.execute(HttpCommandExecutor.java:158)
at org.openqa.selenium.remote.service.DriverCommandExecutor.execute(DriverCommandExecutor.java:83)
at org.openqa.selenium.remote.RemoteWebDriver.execute(RemoteWebDriver.java:552)
at org.openqa.selenium.remote.RemoteWebDriver.findElement(RemoteWebDriver.java:323)
at org.openqa.selenium.remote.RemoteWebDriver.findElementByXPath(RemoteWebDriver.java:428)
at org.openqa.selenium.By$ByXPath.findElement(By.java:353)
at org.openqa.selenium.remote.RemoteWebDriver.findElement(RemoteWebDriver.java:315)
at org.openqa.selenium.support.pagefactory.DefaultElementLocator.findElement(DefaultElementLocator.java:69)
at org.openqa.selenium.support.pagefactory.internal.LocatingElementHandler.invoke(LocatingElementHandler.java:38)
at jdk.proxy2/jdk.proxy2.$Proxy13.getText(Unknown Source)
at com.unified.infinity.utils.WebInteractUtil.getWebElementText(WebInteractUtil.java:139)
at com.unified.infinity.libraries.UnifiedLibrary.DeleteSubscriptions(UnifiedLibrary.java:1702)
at com.unified.infinity.uitest.admin.Subscriptions.DeleteSubscripton(Subscriptions.java:104)
at java.base/java.util.ArrayList.forEach(ArrayList.java:1511)
... Removed 31 stack frames]]>
    </failure>
  </testcase> <!-- DeleteSubscripton -->
</testsuite> <!-- Regression2 -->
