<?xml version="1.0" encoding="UTF-8"?>
<!-- Generated by org.testng.reporters.JUnitXMLReporter -->
<testsuite ignored="10" hostname="IL-IT-PRAVEENT" failures="2" tests="22" name="Test" time="874.996" errors="0" timestamp="2023-02-06T12:02:00 IST">
  <testcase classname="com.unified.infinity.uitest.admin.UnifiedProfile" name="ChangeProfilePicture" time="30.606"/>
  <testcase classname="com.unified.infinity.uitest.admin.UnifiedProfile" name="ChangePassword" time="17.3"/>
  <testcase classname="com.unified.infinity.uitest.admin.UnifiedProfile" name="ChangePassword2" time="29.722"/>
  <testcase classname="com.unified.infinity.uitest.admin.UnifiedProfile" name="ChangePassword3" time="22.672"/>
  <testcase classname="com.unified.infinity.uitest.admin.UnifiedProfile" name="ChangePassword4" time="33.368"/>
  <testcase classname="com.unified.infinity.uitest.admin.UnifiedProfile" name="Profile" time="115.811"/>
  <testcase classname="com.unified.infinity.uitest.admin.UnifiedProfile" name="SelectGrade11" time="29.157"/>
  <testcase classname="com.unified.infinity.uitest.admin.UnifiedProfile" name="ProfileUpdate" time="45.212"/>
  <testcase classname="com.unified.infinity.uitest.admin.UnifiedTests" name="UnifiedOtp" time="11.418"/>
  <testcase classname="com.unified.infinity.uitest.admin.UnifiedTests" name="UnifiedOtp2" time="4.9"/>
  <testcase classname="com.unified.infinity.uitest.admin.UnifiedTests" name="UnifiedOtp3" time="13.623"/>
  <testcase classname="com.unified.infinity.uitest.admin.UnifiedTests" name="UnifiedForgotPass" time="36.916"/>
  <testcase classname="com.unified.infinity.uitest.admin.UnifiedTests" name="UnifiedForgotPass2" time="4.972"/>
  <testcase classname="com.unified.infinity.uitest.admin.UnifiedTests" name="UnifiedForgotPass3" time="5.102"/>
  <testcase classname="com.unified.infinity.uitest.admin.UnifiedTests" name="SignWithPassword" time="14.669"/>
  <testcase classname="com.unified.infinity.uitest.admin.UnifiedTests" name="SignInwithPassword2" time="8.688"/>
  <testcase classname="com.unified.infinity.uitest.admin.UnifiedTests" name="SignInwithPassword3" time="4.55"/>
  <testcase classname="com.unified.infinity.uitest.admin.UnifiedTests" name="MCTTests" time="53.361"/>
  <testcase classname="com.unified.infinity.uitest.admin.UnifiedTests" name="FreeMasterClass" time="22.452"/>
  <testcase classname="com.unified.infinity.uitest.admin.UnifiedTests" name="CYOT" time="53.895"/>
  <testcase classname="com.unified.infinity.uitest.admin.UnifiedTests" name="Learn" time="142.639">
    <failure type="java.lang.Exception" message="Test can&amp;apos;t continue, fail here!">
      <![CDATA[java.lang.Exception: Test can't continue, fail here!
at com.unified.infinity.utils.WebInteractUtil.TearDown(WebInteractUtil.java:171)
at com.unified.infinity.utils.WebInteractUtil.Click(WebInteractUtil.java:70)
at com.unified.infinity.libraries.UnifiedLibrary.Learn(UnifiedLibrary.java:1692)
at com.unified.infinity.uitest.admin.UnifiedTests.Learn(UnifiedTests.java:343)
at java.base/java.util.ArrayList.forEach(ArrayList.java:1511)
... Removed 27 stack frames]]>
    </failure>
  </testcase> <!-- Learn -->
  <testcase classname="com.unified.infinity.uitest.admin.Subscriptions" name="Subscriptions" time="110.349">
    <failure type="java.lang.Exception" message="Test can&amp;apos;t continue, fail here!">
      <![CDATA[java.lang.Exception: Test can't continue, fail here!
at com.unified.infinity.utils.WebInteractUtil.TearDown(WebInteractUtil.java:171)
at com.unified.infinity.utils.WebInteractUtil.isPresent(WebInteractUtil.java:106)
at com.unified.infinity.libraries.UnifiedLibrary.Subscriptions(UnifiedLibrary.java:1359)
at com.unified.infinity.uitest.admin.Subscriptions.Subscriptions(Subscriptions.java:64)
at java.base/java.util.ArrayList.forEach(ArrayList.java:1511)
... Removed 27 stack frames]]>
    </failure>
  </testcase> <!-- Subscriptions -->
  <testcase classname="com.unified.infinity.uitest.admin.UnifiedTests" name="ILTSTest" time="0.0">
    <ignored/>
  </testcase> <!-- ILTSTest -->
  <testcase classname="com.unified.infinity.uitest.admin.UnifiedTests" name="HomePage" time="0.0">
    <ignored/>
  </testcase> <!-- HomePage -->
  <testcase classname="com.unified.infinity.uitest.admin.UnifiedTests" name="PYPTests" time="0.0">
    <ignored/>
  </testcase> <!-- PYPTests -->
  <testcase classname="com.unified.infinity.uitest.admin.UnifiedTests" name="SignUP2" time="0.0">
    <ignored/>
  </testcase> <!-- SignUP2 -->
  <testcase classname="com.unified.infinity.uitest.admin.UnifiedTests" name="RAPTestSeries" time="0.0">
    <ignored/>
  </testcase> <!-- RAPTestSeries -->
  <testcase classname="com.unified.infinity.uitest.admin.UnifiedTests" name="SignUP3" time="0.0">
    <ignored/>
  </testcase> <!-- SignUP3 -->
  <testcase classname="com.unified.infinity.uitest.admin.UnifiedTests" name="RAPDailyTest" time="0.0">
    <ignored/>
  </testcase> <!-- RAPDailyTest -->
  <testcase classname="com.unified.infinity.uitest.admin.UnifiedProfile" name="Onlylogin" time="0.0">
    <ignored/>
  </testcase> <!-- Onlylogin -->
  <testcase classname="com.unified.infinity.uitest.admin.UnifiedTests" name="SignUP4" time="0.0">
    <ignored/>
  </testcase> <!-- SignUP4 -->
  <testcase classname="com.unified.infinity.uitest.admin.UnifiedTests" name="SignUP" time="0.0">
    <ignored/>
  </testcase> <!-- SignUP -->
</testsuite> <!-- Test -->
